app/build/intermediates/manifest_merge_blame_file/debug/manifest-merger-blame-debug-report.txt
1<?xml version="1.0" encoding="utf-8"?>
2<manifest xmlns:android="http://schemas.android.com/apk/res/android"
3    package="com.example.cleanweatherapp"
4    android:versionCode="1"
5    android:versionName="1.0" >
6
7    <uses-sdk
8        android:minSdkVersion="15"
8-->src/main/AndroidManifest.xml
9        android:targetSdkVersion="29" />
9-->src/main/AndroidManifest.xml
10
11    <uses-permission android:name="android.permission.INTERNET" />
11-->src/main/AndroidManifest.xml:5:5-67
11-->src/main/AndroidManifest.xml:5:22-64
12
13    <application
13-->src/main/AndroidManifest.xml:7:5-26:19
14        android:allowBackup="true"
14-->src/main/AndroidManifest.xml:8:9-35
15        android:appComponentFactory="androidx.core.app.CoreComponentFactory"
15-->[androidx.core:core:1.0.2] AndroidManifest.xml:22:18-86
16        android:debuggable="true"
17        android:icon="@mipmap/ic_launcher"
17-->src/main/AndroidManifest.xml:9:9-43
18        android:label="@string/app_name"
18-->src/main/AndroidManifest.xml:10:9-41
19        android:roundIcon="@mipmap/ic_launcher_round"
19-->src/main/AndroidManifest.xml:11:9-54
20        android:supportsRtl="true"
20-->src/main/AndroidManifest.xml:12:9-35
21        android:testOnly="true"
22        android:theme="@style/Theme.Design.Light.NoActionBar" >
22-->src/main/AndroidManifest.xml:13:9-62
23        <activity android:name="com.example.cleanweatherapp.WeatherScreen" />
23-->src/main/AndroidManifest.xml:14:9-60
23-->src/main/AndroidManifest.xml:14:19-48
24        <activity android:name="com.example.cleanweatherapp.SunriseScreen" />
24-->src/main/AndroidManifest.xml:15:9-51
24-->src/main/AndroidManifest.xml:15:19-48
25        <activity
25-->src/main/AndroidManifest.xml:16:9-25:20
26            android:name="com.example.cleanweatherapp.MainActivity"
26-->src/main/AndroidManifest.xml:17:13-41
27            android:configChanges="orientation|keyboardHidden"
27-->src/main/AndroidManifest.xml:18:13-63
28            android:screenOrientation="portrait" >
28-->src/main/AndroidManifest.xml:19:13-49
29            <intent-filter>
29-->src/main/AndroidManifest.xml:20:13-24:29
30                <action android:name="android.intent.action.MAIN" />
30-->src/main/AndroidManifest.xml:21:17-69
30-->src/main/AndroidManifest.xml:21:25-66
31
32                <category android:name="android.intent.category.LAUNCHER" />
32-->src/main/AndroidManifest.xml:23:17-77
32-->src/main/AndroidManifest.xml:23:27-74
33            </intent-filter>
34        </activity>
35    </application>
36
37</manifest>